INFO [2025-07-25 17:01:07] $x
INFO [2025-07-25 17:01:07] datasets
INFO [2025-07-25 17:01:07] 
INFO [2025-07-25 17:01:07] $category.names
INFO [2025-07-25 17:01:07] names(datasets)
INFO [2025-07-25 17:01:07] 
INFO [2025-07-25 17:01:07] $filename
INFO [2025-07-25 17:01:07] NULL
INFO [2025-07-25 17:01:07] 
INFO [2025-07-25 17:01:07] $col
INFO [2025-07-25 17:01:07] [1] "blue"
INFO [2025-07-25 17:01:07] 
INFO [2025-07-25 17:01:07] $fill
INFO [2025-07-25 17:01:07] fill_colors
INFO [2025-07-25 17:01:07] 
INFO [2025-07-25 17:01:07] $alpha
INFO [2025-07-25 17:01:07] [1] 0.5
INFO [2025-07-25 17:01:07] 
INFO [2025-07-25 17:01:07] $cex
INFO [2025-07-25 17:01:07] [1] 1.5
INFO [2025-07-25 17:01:07] 
INFO [2025-07-25 17:01:07] $cat.cex
INFO [2025-07-25 17:01:07] [1] 1.5
INFO [2025-07-25 17:01:07] 
INFO [2025-07-25 17:01:07] $cat.dist
INFO [2025-07-25 17:01:07] [1] 0.05
INFO [2025-07-25 17:01:07] 
INFO [2025-07-25 17:01:07] $scaled
INFO [2025-07-25 17:01:07] [1] FALSE
INFO [2025-07-25 17:01:07] 
